[0m15:21:53.854772 [debug] [MainThread]: Sending event: {'category': 'dbt', 'action': 'invocation', 'label': 'start', 'context': [<snowplow_tracker.self_describing_json.SelfDescribingJson object at 0x000001F1BC38EA50>, <snowplow_tracker.self_describing_json.SelfDescribingJson object at 0x000001F1B90FB390>, <snowplow_tracker.self_describing_json.SelfDescribingJson object at 0x000001F1BD783C50>]}


============================== 15:21:53.864214 | 978516c2-f345-4d5c-8f54-62e15acb0081 ==============================
[0m15:21:53.864214 [info ] [MainThread]: Running with dbt=1.11.11
[0m15:21:53.865718 [debug] [MainThread]: running dbt with arguments {'version_check': 'True', 'no_print': 'None', 'static_parser': 'True', 'warn_error_options': 'WarnErrorOptionsV2(error=[], warn=[], silence=[])', 'target_path': 'None', 'printer_width': '80', 'write_json': 'True', 'introspect': 'True', 'log_cache_events': 'False', 'empty': 'None', 'cache_selected_only': 'False', 'fail_fast': 'False', 'debug': 'False', 'log_format': 'default', 'profiles_dir': 'C:\\Users\\raksh\\.dbt', 'send_anonymous_usage_stats': 'True', 'quiet': 'False', 'warn_error': 'None', 'partial_parse': 'True', 'use_colors': 'True', 'invocation_command': 'dbt init mobility_dbt', 'indirect_selection': 'eager', 'use_experimental_parser': 'False', 'log_path': 'logs'}
[0m15:21:53.903187 [info ] [MainThread]: Creating dbt configuration folder at C:\Users\raksh\.dbt
[0m15:21:53.907631 [debug] [MainThread]: Starter project path: C:\urban-mobility-intelligence\.venv\Lib\site-packages\dbt\include\starter_project
[0m15:21:53.932175 [info ] [MainThread]: 
Your new dbt project "mobility_dbt" was created!

For more information on how to configure the profiles.yml file,
please consult the dbt documentation here:

  https://docs.getdbt.com/docs/configure-your-profile

One more thing:

Need help? Don't hesitate to reach out to us via GitHub issues or on Slack:

  https://community.getdbt.com/

Happy modeling!

[0m15:21:53.933138 [info ] [MainThread]: Setting up your profile.
[0m15:22:58.143722 [info ] [MainThread]: Profile mobility_dbt written to C:\Users\raksh\.dbt\profiles.yml using target's profile_template.yml and your supplied values. Run 'dbt debug' to validate the connection.
[0m15:22:58.155332 [debug] [MainThread]: Command `dbt init` succeeded at 15:22:58.154980 after 64.55 seconds
[0m15:22:58.155921 [debug] [MainThread]: Sending event: {'category': 'dbt', 'action': 'invocation', 'label': 'end', 'context': [<snowplow_tracker.self_describing_json.SelfDescribingJson object at 0x000001F1D020FE10>, <snowplow_tracker.self_describing_json.SelfDescribingJson object at 0x000001F1D0247890>, <snowplow_tracker.self_describing_json.SelfDescribingJson object at 0x000001F1D01F56A0>]}
[0m15:22:58.156458 [debug] [MainThread]: Flushing usage events
[0m15:22:59.370531 [debug] [MainThread]: An error was encountered while trying to flush usage events
